# JRE version: Java(TM) SE Runtime Environment (8.0_161-b12) (build 1.8.0_161-b12)
# Java VM: Java HotSpot(TM) 64-Bit Server VM (25.161-b12 mixed mode windows-amd64 compressed oops)
Heap:
 PSYoungGen      total 282112K, used 80221K [0x0000000716f80000, 0x000000072dd00000, 0x00000007c0000000)
  eden space 218624K, 7% used [0x0000000716f80000,0x0000000717fdcc48,0x0000000724500000)
  from space 63488K, 99% used [0x0000000724800000,0x00000007285fab68,0x0000000728600000)
  to   space 77824K, 0% used [0x0000000729100000,0x0000000729100000,0x000000072dd00000)
 ParOldGen       total 525824K, used 124043K [0x00000005c4e00000, 0x00000005e4f80000, 0x0000000716f80000)
  object space 525824K, 23% used [0x00000005c4e00000,0x00000005cc722ee0,0x00000005e4f80000)
 Metaspace       used 91148K, capacity 97254K, committed 97368K, reserved 1134592K
  class space    used 12184K, capacity 13182K, committed 13184K, reserved 1048576K
GC Heap History (10 events):
Event: 4778.517 GC heap before
{Heap before GC invocations=23 (full 8):
 PSYoungGen      total 251392K, used 9554K [0x0000000716f80000, 0x000000072c080000, 0x00000007c0000000)
  eden space 241664K, 0% used [0x0000000716f80000,0x0000000716f80000,0x0000000725b80000)
  from space 9728K, 98% used [0x0000000725b80000,0x00000007264d4810,0x0000000726500000)
  to   space 51712K, 0% used [0x0000000728e00000,0x0000000728e00000,0x000000072c080000)
 ParOldGen       total 525824K, used 106694K [0x00000005c4e00000, 0x00000005e4f80000, 0x0000000716f80000)
  object space 525824K, 20% used [0x00000005c4e00000,0x00000005cb631890,0x00000005e4f80000)
 Metaspace       used 88777K, capacity 94626K, committed 94808K, reserved 1130496K
  class space    used 11951K, capacity 12892K, committed 12928K, reserved 1048576K
Event: 4778.758 GC heap after
Heap after GC invocations=23 (full 8):
 PSYoungGen      total 251392K, used 0K [0x0000000716f80000, 0x000000072c080000, 0x00000007c0000000)
  eden space 241664K, 0% used [0x0000000716f80000,0x0000000716f80000,0x0000000725b80000)
  from space 9728K, 0% used [0x0000000725b80000,0x0000000725b80000,0x0000000726500000)
  to   space 51712K, 0% used [0x0000000728e00000,0x0000000728e00000,0x000000072c080000)
 ParOldGen       total 525824K, used 108772K [0x00000005c4e00000, 0x00000005e4f80000, 0x0000000716f80000)
  object space 525824K, 20% used [0x00000005c4e00000,0x00000005cb8390d8,0x00000005e4f80000)
 Metaspace       used 88777K, capacity 94626K, committed 94808K, reserved 1130496K
  class space    used 11951K, capacity 12892K, committed 12928K, reserved 1048576K
}
Event: 4870.391 GC heap before
{Heap before GC invocations=24 (full 8):
 PSYoungGen      total 251392K, used 241664K [0x0000000716f80000, 0x000000072c080000, 0x00000007c0000000)
  eden space 241664K, 100% used [0x0000000716f80000,0x0000000725b80000,0x0000000725b80000)
  from space 9728K, 0% used [0x0000000725b80000,0x0000000725b80000,0x0000000726500000)
  to   space 51712K, 0% used [0x0000000728e00000,0x0000000728e00000,0x000000072c080000)
 ParOldGen       total 525824K, used 108772K [0x00000005c4e00000, 0x00000005e4f80000, 0x0000000716f80000)
  object space 525824K, 20% used [0x00000005c4e00000,0x00000005cb8390d8,0x00000005e4f80000)
 Metaspace       used 88901K, capacity 94694K, committed 94808K, reserved 1130496K
  class space    used 11951K, capacity 12892K, committed 12928K, reserved 1048576K
Event: 4870.396 GC heap after
Heap after GC invocations=24 (full 8):
 PSYoungGen      total 283136K, used 3408K [0x0000000716f80000, 0x000000072ba00000, 0x00000007c0000000)
  eden space 238080K, 0% used [0x0000000716f80000,0x0000000716f80000,0x0000000725800000)
  from space 45056K, 7% used [0x0000000728e00000,0x0000000729154348,0x000000072ba00000)
  to   space 50176K, 0% used [0x0000000725800000,0x0000000725800000,0x0000000728900000)
 ParOldGen       total 525824K, used 108772K [0x00000005c4e00000, 0x00000005e4f80000, 0x0000000716f80000)
  object space 525824K, 20% used [0x00000005c4e00000,0x00000005cb8390d8,0x00000005e4f80000)
 Metaspace       used 88901K, capacity 94694K, committed 94808K, reserved 1130496K
  class space    used 11951K, capacity 12892K, committed 12928K, reserved 1048576K
}
Event: 7232.966 GC heap before
{Heap before GC invocations=25 (full 8):
 PSYoungGen      total 283136K, used 241488K [0x0000000716f80000, 0x000000072ba00000, 0x00000007c0000000)
  eden space 238080K, 100% used [0x0000000716f80000,0x0000000725800000,0x0000000725800000)
  from space 45056K, 7% used [0x0000000728e00000,0x0000000729154348,0x000000072ba00000)
  to   space 50176K, 0% used [0x0000000725800000,0x0000000725800000,0x0000000728900000)
 ParOldGen       total 525824K, used 108772K [0x00000005c4e00000, 0x00000005e4f80000, 0x0000000716f80000)
  object space 525824K, 20% used [0x00000005c4e00000,0x00000005cb8390d8,0x00000005e4f80000)
 Metaspace       used 90765K, capacity 96740K, committed 96856K, reserved 1132544K
  class space    used 12168K, capacity 13159K, committed 13184K, reserved 1048576K
Event: 7232.974 GC heap after
Heap after GC invocations=25 (full 8):
 PSYoungGen      total 260096K, used 25105K [0x0000000716f80000, 0x000000072b780000, 0x00000007c0000000)
  eden space 234496K, 0% used [0x0000000716f80000,0x0000000716f80000,0x0000000725480000)
  from space 25600K, 98% used [0x0000000725800000,0x0000000727084658,0x0000000727100000)
  to   space 50688K, 0% used [0x0000000728600000,0x0000000728600000,0x000000072b780000)
 ParOldGen       total 525824K, used 108780K [0x00000005c4e00000, 0x00000005e4f80000, 0x0000000716f80000)
  object space 525824K, 20% used [0x00000005c4e00000,0x00000005cb83b0d8,0x00000005e4f80000)
 Metaspace       used 90765K, capacity 96740K, committed 96856K, reserved 1132544K
  class space    used 12168K, capacity 13159K, committed 13184K, reserved 1048576K
}
Event: 7754.975 GC heap before
{Heap before GC invocations=26 (full 8):
 PSYoungGen      total 260096K, used 259601K [0x0000000716f80000, 0x000000072b780000, 0x00000007c0000000)
  eden space 234496K, 100% used [0x0000000716f80000,0x0000000725480000,0x0000000725480000)
  from space 25600K, 98% used [0x0000000725800000,0x0000000727084658,0x0000000727100000)
  to   space 50688K, 0% used [0x0000000728600000,0x0000000728600000,0x000000072b780000)
 ParOldGen       total 525824K, used 108780K [0x00000005c4e00000, 0x00000005e4f80000, 0x0000000716f80000)
  object space 525824K, 20% used [0x00000005c4e00000,0x00000005cb83b0d8,0x00000005e4f80000)
 Metaspace       used 90899K, capacity 96886K, committed 97112K, reserved 1132544K
  class space    used 12170K, capacity 13162K, committed 13184K, reserved 1048576K
Event: 7754.996 GC heap after
Heap after GC invocations=26 (full 8):
 PSYoungGen      total 272384K, used 50661K [0x0000000716f80000, 0x000000072cd00000, 0x00000007c0000000)
  eden space 221696K, 0% used [0x0000000716f80000,0x0000000716f80000,0x0000000724800000)
  from space 50688K, 99% used [0x0000000728600000,0x000000072b779448,0x000000072b780000)
  to   space 63488K, 0% used [0x0000000724800000,0x0000000724800000,0x0000000728600000)
 ParOldGen       total 525824K, used 117308K [0x00000005c4e00000, 0x00000005e4f80000, 0x0000000716f80000)
  object space 525824K, 22% used [0x00000005c4e00000,0x00000005cc08f0f8,0x00000005e4f80000)
 Metaspace       used 90899K, capacity 96886K, committed 97112K, reserved 1132544K
  class space    used 12170K, capacity 13162K, committed 13184K, reserved 1048576K
}
Event: 8084.665 GC heap before
{Heap before GC invocations=27 (full 8):
 PSYoungGen      total 272384K, used 272357K [0x0000000716f80000, 0x000000072cd00000, 0x00000007c0000000)
  eden space 221696K, 100% used [0x0000000716f80000,0x0000000724800000,0x0000000724800000)
  from space 50688K, 99% used [0x0000000728600000,0x000000072b779448,0x000000072b780000)
  to   space 63488K, 0% used [0x0000000724800000,0x0000000724800000,0x0000000728600000)
 ParOldGen       total 525824K, used 117308K [0x00000005c4e00000, 0x00000005e4f80000, 0x0000000716f80000)
  object space 525824K, 22% used [0x00000005c4e00000,0x00000005cc08f0f8,0x00000005e4f80000)
 Metaspace       used 91122K, capacity 97154K, committed 97368K, reserved 1134592K
  class space    used 12181K, capacity 13176K, committed 13184K, reserved 1048576K
Event: 8084.687 GC heap after
Heap after GC invocations=27 (full 8):
 PSYoungGen      total 282112K, used 63466K [0x0000000716f80000, 0x000000072dd00000, 0x00000007c0000000)
  eden space 218624K, 0% used [0x0000000716f80000,0x0000000716f80000,0x0000000724500000)
  from space 63488K, 99% used [0x0000000724800000,0x00000007285fab68,0x0000000728600000)
  to   space 77824K, 0% used [0x0000000729100000,0x0000000729100000,0x000000072dd00000)
 ParOldGen       total 525824K, used 124043K [0x00000005c4e00000, 0x00000005e4f80000, 0x0000000716f80000)
  object space 525824K, 23% used [0x00000005c4e00000,0x00000005cc722ee0,0x00000005e4f80000)
 Metaspace       used 91122K, capacity 97154K, committed 97368K, reserved 1134592K
  class space    used 12181K, capacity 13176K, committed 13184K, reserved 1048576K
}

