# JRE version: Java(TM) SE Runtime Environment (8.0_161-b12) (build 1.8.0_161-b12)
# Java VM: Java HotSpot(TM) 64-Bit Server VM (25.161-b12 mixed mode windows-amd64 compressed oops)
Heap:
 PSYoungGen      total 431616K, used 258387K [0x0000000716f80000, 0x0000000731c80000, 0x00000007c0000000)
  eden space 428544K, 59% used [0x0000000716f80000,0x00000007268e67f8,0x0000000731200000)
  from space 3072K, 97% used [0x0000000731200000,0x00000007314ee4c8,0x0000000731500000)
  to   space 3072K, 0% used [0x0000000731980000,0x0000000731980000,0x0000000731c80000)
 ParOldGen       total 397312K, used 80013K [0x00000005c4e00000, 0x00000005dd200000, 0x0000000716f80000)
  object space 397312K, 20% used [0x00000005c4e00000,0x00000005c9c23650,0x00000005dd200000)
 Metaspace       used 89289K, capacity 95006K, committed 95304K, reserved 1132544K
  class space    used 11941K, capacity 12894K, committed 12920K, reserved 1048576K
GC Heap History (10 events):
Event: 4746.224 GC heap before
{Heap before GC invocations=1016 (full 11):
 PSYoungGen      total 420864K, used 420641K [0x0000000716f80000, 0x0000000730e80000, 0x00000007c0000000)
  eden space 417792K, 100% used [0x0000000716f80000,0x0000000730780000,0x0000000730780000)
  from space 3072K, 92% used [0x0000000730a80000,0x0000000730d485e8,0x0000000730d80000)
  to   space 3072K, 0% used [0x0000000730780000,0x0000000730780000,0x0000000730a80000)
 ParOldGen       total 397312K, used 80013K [0x00000005c4e00000, 0x00000005dd200000, 0x0000000716f80000)
  object space 397312K, 20% used [0x00000005c4e00000,0x00000005c9c23650,0x00000005dd200000)
 Metaspace       used 89275K, capacity 94942K, committed 95048K, reserved 1132544K
  class space    used 11941K, capacity 12894K, committed 12920K, reserved 1048576K
Event: 4746.228 GC heap after
Heap after GC invocations=1016 (full 11):
 PSYoungGen      total 420864K, used 2918K [0x0000000716f80000, 0x0000000731300000, 0x00000007c0000000)
  eden space 417792K, 0% used [0x0000000716f80000,0x0000000716f80000,0x0000000730780000)
  from space 3072K, 94% used [0x0000000730780000,0x0000000730a598e8,0x0000000730a80000)
  to   space 3072K, 0% used [0x0000000731000000,0x0000000731000000,0x0000000731300000)
 ParOldGen       total 397312K, used 80013K [0x00000005c4e00000, 0x00000005dd200000, 0x0000000716f80000)
  object space 397312K, 20% used [0x00000005c4e00000,0x00000005c9c23650,0x00000005dd200000)
 Metaspace       used 89275K, capacity 94942K, committed 95048K, reserved 1132544K
  class space    used 11941K, capacity 12894K, committed 12920K, reserved 1048576K
}
Event: 4747.870 GC heap before
{Heap before GC invocations=1017 (full 11):
 PSYoungGen      total 420864K, used 420710K [0x0000000716f80000, 0x0000000731300000, 0x00000007c0000000)
  eden space 417792K, 100% used [0x0000000716f80000,0x0000000730780000,0x0000000730780000)
  from space 3072K, 94% used [0x0000000730780000,0x0000000730a598e8,0x0000000730a80000)
  to   space 3072K, 0% used [0x0000000731000000,0x0000000731000000,0x0000000731300000)
 ParOldGen       total 397312K, used 80013K [0x00000005c4e00000, 0x00000005dd200000, 0x0000000716f80000)
  object space 397312K, 20% used [0x00000005c4e00000,0x00000005c9c23650,0x00000005dd200000)
 Metaspace       used 89275K, capacity 94942K, committed 95048K, reserved 1132544K
  class space    used 11941K, capacity 12894K, committed 12920K, reserved 1048576K
Event: 4747.874 GC heap after
Heap after GC invocations=1017 (full 11):
 PSYoungGen      total 426496K, used 2890K [0x0000000716f80000, 0x0000000731300000, 0x00000007c0000000)
  eden space 423424K, 0% used [0x0000000716f80000,0x0000000716f80000,0x0000000730d00000)
  from space 3072K, 94% used [0x0000000731000000,0x00000007312d2bc8,0x0000000731300000)
  to   space 3072K, 0% used [0x0000000730d00000,0x0000000730d00000,0x0000000731000000)
 ParOldGen       total 397312K, used 80013K [0x00000005c4e00000, 0x00000005dd200000, 0x0000000716f80000)
  object space 397312K, 20% used [0x00000005c4e00000,0x00000005c9c23650,0x00000005dd200000)
 Metaspace       used 89275K, capacity 94942K, committed 95048K, reserved 1132544K
  class space    used 11941K, capacity 12894K, committed 12920K, reserved 1048576K
}
Event: 4749.513 GC heap before
{Heap before GC invocations=1018 (full 11):
 PSYoungGen      total 426496K, used 425985K [0x0000000716f80000, 0x0000000731300000, 0x00000007c0000000)
  eden space 423424K, 99% used [0x0000000716f80000,0x0000000730cada28,0x0000000730d00000)
  from space 3072K, 94% used [0x0000000731000000,0x00000007312d2bc8,0x0000000731300000)
  to   space 3072K, 0% used [0x0000000730d00000,0x0000000730d00000,0x0000000731000000)
 ParOldGen       total 397312K, used 80013K [0x00000005c4e00000, 0x00000005dd200000, 0x0000000716f80000)
  object space 397312K, 20% used [0x00000005c4e00000,0x00000005c9c23650,0x00000005dd200000)
 Metaspace       used 89276K, capacity 94942K, committed 95048K, reserved 1132544K
  class space    used 11941K, capacity 12894K, committed 12920K, reserved 1048576K
Event: 4749.515 GC heap after
Heap after GC invocations=1018 (full 11):
 PSYoungGen      total 426496K, used 2959K [0x0000000716f80000, 0x0000000731800000, 0x00000007c0000000)
  eden space 423424K, 0% used [0x0000000716f80000,0x0000000716f80000,0x0000000730d00000)
  from space 3072K, 96% used [0x0000000730d00000,0x0000000730fe3ec8,0x0000000731000000)
  to   space 3072K, 0% used [0x0000000731500000,0x0000000731500000,0x0000000731800000)
 ParOldGen       total 397312K, used 80013K [0x00000005c4e00000, 0x00000005dd200000, 0x0000000716f80000)
  object space 397312K, 20% used [0x00000005c4e00000,0x00000005c9c23650,0x00000005dd200000)
 Metaspace       used 89276K, capacity 94942K, committed 95048K, reserved 1132544K
  class space    used 11941K, capacity 12894K, committed 12920K, reserved 1048576K
}
Event: 4751.135 GC heap before
{Heap before GC invocations=1019 (full 11):
 PSYoungGen      total 426496K, used 424852K [0x0000000716f80000, 0x0000000731800000, 0x00000007c0000000)
  eden space 423424K, 99% used [0x0000000716f80000,0x0000000730b812c8,0x0000000730d00000)
  from space 3072K, 96% used [0x0000000730d00000,0x0000000730fe3ec8,0x0000000731000000)
  to   space 3072K, 0% used [0x0000000731500000,0x0000000731500000,0x0000000731800000)
 ParOldGen       total 397312K, used 80013K [0x00000005c4e00000, 0x00000005dd200000, 0x0000000716f80000)
  object space 397312K, 20% used [0x00000005c4e00000,0x00000005c9c23650,0x00000005dd200000)
 Metaspace       used 89277K, capacity 94942K, committed 95048K, reserved 1132544K
  class space    used 11941K, capacity 12894K, committed 12920K, reserved 1048576K
Event: 4751.138 GC heap after
Heap after GC invocations=1019 (full 11):
 PSYoungGen      total 431616K, used 2996K [0x0000000716f80000, 0x0000000731800000, 0x00000007c0000000)
  eden space 428544K, 0% used [0x0000000716f80000,0x0000000716f80000,0x0000000731200000)
  from space 3072K, 97% used [0x0000000731500000,0x00000007317ed188,0x0000000731800000)
  to   space 3072K, 0% used [0x0000000731200000,0x0000000731200000,0x0000000731500000)
 ParOldGen       total 397312K, used 80013K [0x00000005c4e00000, 0x00000005dd200000, 0x0000000716f80000)
  object space 397312K, 20% used [0x00000005c4e00000,0x00000005c9c23650,0x00000005dd200000)
 Metaspace       used 89277K, capacity 94942K, committed 95048K, reserved 1132544K
  class space    used 11941K, capacity 12894K, committed 12920K, reserved 1048576K
}
Event: 4752.839 GC heap before
{Heap before GC invocations=1020 (full 11):
 PSYoungGen      total 431616K, used 429059K [0x0000000716f80000, 0x0000000731800000, 0x00000007c0000000)
  eden space 428544K, 99% used [0x0000000716f80000,0x0000000730f93ae0,0x0000000731200000)
  from space 3072K, 97% used [0x0000000731500000,0x00000007317ed188,0x0000000731800000)
  to   space 3072K, 0% used [0x0000000731200000,0x0000000731200000,0x0000000731500000)
 ParOldGen       total 397312K, used 80013K [0x00000005c4e00000, 0x00000005dd200000, 0x0000000716f80000)
  object space 397312K, 20% used [0x00000005c4e00000,0x00000005c9c23650,0x00000005dd200000)
 Metaspace       used 89277K, capacity 94942K, committed 95048K, reserved 1132544K
  class space    used 11941K, capacity 12894K, committed 12920K, reserved 1048576K
Event: 4752.841 GC heap after
Heap after GC invocations=1020 (full 11):
 PSYoungGen      total 431616K, used 3001K [0x0000000716f80000, 0x0000000731c80000, 0x00000007c0000000)
  eden space 428544K, 0% used [0x0000000716f80000,0x0000000716f80000,0x0000000731200000)
  from space 3072K, 97% used [0x0000000731200000,0x00000007314ee4c8,0x0000000731500000)
  to   space 3072K, 0% used [0x0000000731980000,0x0000000731980000,0x0000000731c80000)
 ParOldGen       total 397312K, used 80013K [0x00000005c4e00000, 0x00000005dd200000, 0x0000000716f80000)
  object space 397312K, 20% used [0x00000005c4e00000,0x00000005c9c23650,0x00000005dd200000)
 Metaspace       used 89277K, capacity 94942K, committed 95048K, reserved 1132544K
  class space    used 11941K, capacity 12894K, committed 12920K, reserved 1048576K
}

