# JRE version: Java(TM) SE Runtime Environment (8.0_161-b12) (build 1.8.0_161-b12)
# Java VM: Java HotSpot(TM) 64-Bit Server VM (25.161-b12 mixed mode windows-amd64 compressed oops)
Heap:
 PSYoungGen      total 237568K, used 20040K [0x00000000d5f00000, 0x00000000e5500000, 0x0000000100000000)
  eden space 223744K, 8% used [0x00000000d5f00000,0x00000000d7292250,0x00000000e3980000)
  from space 13824K, 0% used [0x00000000e3a00000,0x00000000e3a00000,0x00000000e4780000)
  to   space 9728K, 0% used [0x00000000e4b80000,0x00000000e4b80000,0x00000000e5500000)
 ParOldGen       total 74752K, used 34652K [0x0000000081c00000, 0x0000000086500000, 0x00000000d5f00000)
  object space 74752K, 46% used [0x0000000081c00000,0x0000000083dd71a0,0x0000000086500000)
 Metaspace       used 56308K, capacity 59718K, committed 60032K, reserved 1101824K
  class space    used 7849K, capacity 8461K, committed 8576K, reserved 1048576K
GC Heap History (10 events):
Event: 4.388 GC heap before
{Heap before GC invocations=8 (full 1):
 PSYoungGen      total 142336K, used 133120K [0x00000000d5f00000, 0x00000000df400000, 0x0000000100000000)
  eden space 133120K, 100% used [0x00000000d5f00000,0x00000000de100000,0x00000000de100000)
  from space 9216K, 0% used [0x00000000deb00000,0x00000000deb00000,0x00000000df400000)
  to   space 9728K, 0% used [0x00000000de100000,0x00000000de100000,0x00000000dea80000)
 ParOldGen       total 51200K, used 6185K [0x0000000081c00000, 0x0000000084e00000, 0x00000000d5f00000)
  object space 51200K, 12% used [0x0000000081c00000,0x000000008220a7a8,0x0000000084e00000)
 Metaspace       used 29507K, capacity 31102K, committed 31232K, reserved 1077248K
  class space    used 3976K, capacity 4309K, committed 4352K, reserved 1048576K
Event: 4.410 GC heap after
Heap after GC invocations=8 (full 1):
 PSYoungGen      total 142848K, used 9715K [0x00000000d5f00000, 0x00000000e5880000, 0x0000000100000000)
  eden space 133120K, 0% used [0x00000000d5f00000,0x00000000d5f00000,0x00000000de100000)
  from space 9728K, 99% used [0x00000000de100000,0x00000000dea7cda0,0x00000000dea80000)
  to   space 13312K, 0% used [0x00000000e4b80000,0x00000000e4b80000,0x00000000e5880000)
 ParOldGen       total 51200K, used 10325K [0x0000000081c00000, 0x0000000084e00000, 0x00000000d5f00000)
  object space 51200K, 20% used [0x0000000081c00000,0x00000000826157f8,0x0000000084e00000)
 Metaspace       used 29507K, capacity 31102K, committed 31232K, reserved 1077248K
  class space    used 3976K, capacity 4309K, committed 4352K, reserved 1048576K
}
Event: 5.386 GC heap before
{Heap before GC invocations=9 (full 1):
 PSYoungGen      total 142848K, used 122688K [0x00000000d5f00000, 0x00000000e5880000, 0x0000000100000000)
  eden space 133120K, 84% used [0x00000000d5f00000,0x00000000dcd535c8,0x00000000de100000)
  from space 9728K, 99% used [0x00000000de100000,0x00000000dea7cda0,0x00000000dea80000)
  to   space 13312K, 0% used [0x00000000e4b80000,0x00000000e4b80000,0x00000000e5880000)
 ParOldGen       total 51200K, used 10325K [0x0000000081c00000, 0x0000000084e00000, 0x00000000d5f00000)
  object space 51200K, 20% used [0x0000000081c00000,0x00000000826157f8,0x0000000084e00000)
 Metaspace       used 33463K, capacity 35438K, committed 35496K, reserved 1079296K
  class space    used 4465K, capacity 4821K, committed 4864K, reserved 1048576K
Event: 5.397 GC heap after
Heap after GC invocations=9 (full 1):
 PSYoungGen      total 233472K, used 9472K [0x00000000d5f00000, 0x00000000e5500000, 0x0000000100000000)
  eden space 223744K, 0% used [0x00000000d5f00000,0x00000000d5f00000,0x00000000e3980000)
  from space 9728K, 97% used [0x00000000e4b80000,0x00000000e54c0058,0x00000000e5500000)
  to   space 13824K, 0% used [0x00000000e3a00000,0x00000000e3a00000,0x00000000e4780000)
 ParOldGen       total 51200K, used 10333K [0x0000000081c00000, 0x0000000084e00000, 0x00000000d5f00000)
  object space 51200K, 20% used [0x0000000081c00000,0x00000000826177f8,0x0000000084e00000)
 Metaspace       used 33463K, capacity 35438K, committed 35496K, reserved 1079296K
  class space    used 4465K, capacity 4821K, committed 4864K, reserved 1048576K
}
Event: 5.397 GC heap before
{Heap before GC invocations=10 (full 2):
 PSYoungGen      total 233472K, used 9472K [0x00000000d5f00000, 0x00000000e5500000, 0x0000000100000000)
  eden space 223744K, 0% used [0x00000000d5f00000,0x00000000d5f00000,0x00000000e3980000)
  from space 9728K, 97% used [0x00000000e4b80000,0x00000000e54c0058,0x00000000e5500000)
  to   space 13824K, 0% used [0x00000000e3a00000,0x00000000e3a00000,0x00000000e4780000)
 ParOldGen       total 51200K, used 10333K [0x0000000081c00000, 0x0000000084e00000, 0x00000000d5f00000)
  object space 51200K, 20% used [0x0000000081c00000,0x00000000826177f8,0x0000000084e00000)
 Metaspace       used 33463K, capacity 35438K, committed 35496K, reserved 1079296K
  class space    used 4465K, capacity 4821K, committed 4864K, reserved 1048576K
Event: 5.449 GC heap after
Heap after GC invocations=10 (full 2):
 PSYoungGen      total 233472K, used 0K [0x00000000d5f00000, 0x00000000e5500000, 0x0000000100000000)
  eden space 223744K, 0% used [0x00000000d5f00000,0x00000000d5f00000,0x00000000e3980000)
  from space 9728K, 0% used [0x00000000e4b80000,0x00000000e4b80000,0x00000000e5500000)
  to   space 13824K, 0% used [0x00000000e3a00000,0x00000000e3a00000,0x00000000e4780000)
 ParOldGen       total 74752K, used 14269K [0x0000000081c00000, 0x0000000086500000, 0x00000000d5f00000)
  object space 74752K, 19% used [0x0000000081c00000,0x00000000829ef6a8,0x0000000086500000)
 Metaspace       used 33463K, capacity 35438K, committed 35496K, reserved 1079296K
  class space    used 4465K, capacity 4821K, committed 4864K, reserved 1048576K
}
Event: 8.789 GC heap before
{Heap before GC invocations=11 (full 2):
 PSYoungGen      total 233472K, used 216380K [0x00000000d5f00000, 0x00000000e5500000, 0x0000000100000000)
  eden space 223744K, 96% used [0x00000000d5f00000,0x00000000e324f040,0x00000000e3980000)
  from space 9728K, 0% used [0x00000000e4b80000,0x00000000e4b80000,0x00000000e5500000)
  to   space 13824K, 0% used [0x00000000e3a00000,0x00000000e3a00000,0x00000000e4780000)
 ParOldGen       total 74752K, used 14269K [0x0000000081c00000, 0x0000000086500000, 0x00000000d5f00000)
  object space 74752K, 19% used [0x0000000081c00000,0x00000000829ef6a8,0x0000000086500000)
 Metaspace       used 55714K, capacity 59028K, committed 59160K, reserved 1099776K
  class space    used 7726K, capacity 8296K, committed 8320K, reserved 1048576K
Event: 8.823 GC heap after
Heap after GC invocations=11 (full 2):
 PSYoungGen      total 237568K, used 13796K [0x00000000d5f00000, 0x00000000e5500000, 0x0000000100000000)
  eden space 223744K, 0% used [0x00000000d5f00000,0x00000000d5f00000,0x00000000e3980000)
  from space 13824K, 99% used [0x00000000e3a00000,0x00000000e47790e8,0x00000000e4780000)
  to   space 9728K, 0% used [0x00000000e4b80000,0x00000000e4b80000,0x00000000e5500000)
 ParOldGen       total 74752K, used 24837K [0x0000000081c00000, 0x0000000086500000, 0x00000000d5f00000)
  object space 74752K, 33% used [0x0000000081c00000,0x00000000834415a0,0x0000000086500000)
 Metaspace       used 55714K, capacity 59028K, committed 59160K, reserved 1099776K
  class space    used 7726K, capacity 8296K, committed 8320K, reserved 1048576K
}
Event: 8.823 GC heap before
{Heap before GC invocations=12 (full 3):
 PSYoungGen      total 237568K, used 13796K [0x00000000d5f00000, 0x00000000e5500000, 0x0000000100000000)
  eden space 223744K, 0% used [0x00000000d5f00000,0x00000000d5f00000,0x00000000e3980000)
  from space 13824K, 99% used [0x00000000e3a00000,0x00000000e47790e8,0x00000000e4780000)
  to   space 9728K, 0% used [0x00000000e4b80000,0x00000000e4b80000,0x00000000e5500000)
 ParOldGen       total 74752K, used 24837K [0x0000000081c00000, 0x0000000086500000, 0x00000000d5f00000)
  object space 74752K, 33% used [0x0000000081c00000,0x00000000834415a0,0x0000000086500000)
 Metaspace       used 55714K, capacity 59028K, committed 59160K, reserved 1099776K
  class space    used 7726K, capacity 8296K, committed 8320K, reserved 1048576K
Event: 8.995 GC heap after
Heap after GC invocations=12 (full 3):
 PSYoungGen      total 237568K, used 0K [0x00000000d5f00000, 0x00000000e5500000, 0x0000000100000000)
  eden space 223744K, 0% used [0x00000000d5f00000,0x00000000d5f00000,0x00000000e3980000)
  from space 13824K, 0% used [0x00000000e3a00000,0x00000000e3a00000,0x00000000e4780000)
  to   space 9728K, 0% used [0x00000000e4b80000,0x00000000e4b80000,0x00000000e5500000)
 ParOldGen       total 74752K, used 34652K [0x0000000081c00000, 0x0000000086500000, 0x00000000d5f00000)
  object space 74752K, 46% used [0x0000000081c00000,0x0000000083dd71a0,0x0000000086500000)
 Metaspace       used 55714K, capacity 59028K, committed 59160K, reserved 1099776K
  class space    used 7726K, capacity 8296K, committed 8320K, reserved 1048576K
}

