# JRE version: Java(TM) SE Runtime Environment (8.0_161-b12) (build 1.8.0_161-b12)
# Java VM: Java HotSpot(TM) 64-Bit Server VM (25.161-b12 mixed mode windows-amd64 compressed oops)
Heap:
 PSYoungGen      total 277504K, used 232702K [0x0000000716f80000, 0x000000072e500000, 0x00000007c0000000)
  eden space 257024K, 82% used [0x0000000716f80000,0x0000000723ec4f20,0x0000000726a80000)
  from space 20480K, 99% used [0x0000000726a80000,0x0000000727e7a9f0,0x0000000727e80000)
  to   space 28672K, 0% used [0x000000072c900000,0x000000072c900000,0x000000072e500000)
 ParOldGen       total 521728K, used 36108K [0x00000005c4e00000, 0x00000005e4b80000, 0x0000000716f80000)
  object space 521728K, 6% used [0x00000005c4e00000,0x00000005c7143390,0x00000005e4b80000)
 Metaspace       used 87199K, capacity 92648K, committed 92888K, reserved 1130496K
  class space    used 11848K, capacity 12755K, committed 12800K, reserved 1048576K
GC Heap History (10 events):
Event: 1.296 GC heap before
{Heap before GC invocations=6 (full 2):
 PSYoungGen      total 206848K, used 6495K [0x0000000716f80000, 0x0000000725900000, 0x00000007c0000000)
  eden space 185344K, 0% used [0x0000000716f80000,0x0000000716f80000,0x0000000722480000)
  from space 21504K, 30% used [0x0000000723980000,0x0000000723fd7c48,0x0000000724e80000)
  to   space 21504K, 0% used [0x0000000722480000,0x0000000722480000,0x0000000723980000)
 ParOldGen       total 236032K, used 12314K [0x00000005c4e00000, 0x00000005d3480000, 0x0000000716f80000)
  object space 236032K, 5% used [0x00000005c4e00000,0x00000005c5a06a20,0x00000005d3480000)
 Metaspace       used 33851K, capacity 35346K, committed 35416K, reserved 1079296K
  class space    used 4351K, capacity 4674K, committed 4736K, reserved 1048576K
Event: 1.314 GC heap after
Heap after GC invocations=6 (full 2):
 PSYoungGen      total 206848K, used 0K [0x0000000716f80000, 0x0000000725900000, 0x00000007c0000000)
  eden space 185344K, 0% used [0x0000000716f80000,0x0000000716f80000,0x0000000722480000)
  from space 21504K, 0% used [0x0000000723980000,0x0000000723980000,0x0000000724e80000)
  to   space 21504K, 0% used [0x0000000722480000,0x0000000722480000,0x0000000723980000)
 ParOldGen       total 364032K, used 11847K [0x00000005c4e00000, 0x00000005db180000, 0x0000000716f80000)
  object space 364032K, 3% used [0x00000005c4e00000,0x00000005c5991d90,0x00000005db180000)
 Metaspace       used 33851K, capacity 35346K, committed 35416K, reserved 1079296K
  class space    used 4351K, capacity 4674K, committed 4736K, reserved 1048576K
}
Event: 2.229 GC heap before
{Heap before GC invocations=7 (full 2):
 PSYoungGen      total 206848K, used 185344K [0x0000000716f80000, 0x0000000725900000, 0x00000007c0000000)
  eden space 185344K, 100% used [0x0000000716f80000,0x0000000722480000,0x0000000722480000)
  from space 21504K, 0% used [0x0000000723980000,0x0000000723980000,0x0000000724e80000)
  to   space 21504K, 0% used [0x0000000722480000,0x0000000722480000,0x0000000723980000)
 ParOldGen       total 364032K, used 11847K [0x00000005c4e00000, 0x00000005db180000, 0x0000000716f80000)
  object space 364032K, 3% used [0x00000005c4e00000,0x00000005c5991d90,0x00000005db180000)
 Metaspace       used 49195K, capacity 51682K, committed 51928K, reserved 1093632K
  class space    used 6580K, capacity 7043K, committed 7168K, reserved 1048576K
Event: 2.238 GC heap after
Heap after GC invocations=7 (full 2):
 PSYoungGen      total 206848K, used 19154K [0x0000000716f80000, 0x0000000729200000, 0x00000007c0000000)
  eden space 185344K, 0% used [0x0000000716f80000,0x0000000716f80000,0x0000000722480000)
  from space 21504K, 89% used [0x0000000722480000,0x00000007237349f0,0x0000000723980000)
  to   space 19968K, 0% used [0x0000000727e80000,0x0000000727e80000,0x0000000729200000)
 ParOldGen       total 364032K, used 11855K [0x00000005c4e00000, 0x00000005db180000, 0x0000000716f80000)
  object space 364032K, 3% used [0x00000005c4e00000,0x00000005c5993d90,0x00000005db180000)
 Metaspace       used 49195K, capacity 51682K, committed 51928K, reserved 1093632K
  class space    used 6580K, capacity 7043K, committed 7168K, reserved 1048576K
}
Event: 2.563 GC heap before
{Heap before GC invocations=8 (full 2):
 PSYoungGen      total 206848K, used 126991K [0x0000000716f80000, 0x0000000729200000, 0x00000007c0000000)
  eden space 185344K, 58% used [0x0000000716f80000,0x000000071d8cf3c0,0x0000000722480000)
  from space 21504K, 89% used [0x0000000722480000,0x00000007237349f0,0x0000000723980000)
  to   space 19968K, 0% used [0x0000000727e80000,0x0000000727e80000,0x0000000729200000)
 ParOldGen       total 364032K, used 11855K [0x00000005c4e00000, 0x00000005db180000, 0x0000000716f80000)
  object space 364032K, 3% used [0x00000005c4e00000,0x00000005c5993d90,0x00000005db180000)
 Metaspace       used 56226K, capacity 58868K, committed 58968K, reserved 1099776K
  class space    used 7543K, capacity 8028K, committed 8064K, reserved 1048576K
Event: 2.569 GC heap after
Heap after GC invocations=8 (full 2):
 PSYoungGen      total 276992K, used 15254K [0x0000000716f80000, 0x0000000729280000, 0x00000007c0000000)
  eden space 257024K, 0% used [0x0000000716f80000,0x0000000716f80000,0x0000000726a80000)
  from space 19968K, 76% used [0x0000000727e80000,0x0000000728d65bc0,0x0000000729200000)
  to   space 20480K, 0% used [0x0000000726a80000,0x0000000726a80000,0x0000000727e80000)
 ParOldGen       total 364032K, used 11863K [0x00000005c4e00000, 0x00000005db180000, 0x0000000716f80000)
  object space 364032K, 3% used [0x00000005c4e00000,0x00000005c5995d90,0x00000005db180000)
 Metaspace       used 56226K, capacity 58868K, committed 58968K, reserved 1099776K
  class space    used 7543K, capacity 8028K, committed 8064K, reserved 1048576K
}
Event: 2.569 GC heap before
{Heap before GC invocations=9 (full 3):
 PSYoungGen      total 276992K, used 15254K [0x0000000716f80000, 0x0000000729280000, 0x00000007c0000000)
  eden space 257024K, 0% used [0x0000000716f80000,0x0000000716f80000,0x0000000726a80000)
  from space 19968K, 76% used [0x0000000727e80000,0x0000000728d65bc0,0x0000000729200000)
  to   space 20480K, 0% used [0x0000000726a80000,0x0000000726a80000,0x0000000727e80000)
 ParOldGen       total 364032K, used 11863K [0x00000005c4e00000, 0x00000005db180000, 0x0000000716f80000)
  object space 364032K, 3% used [0x00000005c4e00000,0x00000005c5995d90,0x00000005db180000)
 Metaspace       used 56226K, capacity 58868K, committed 58968K, reserved 1099776K
  class space    used 7543K, capacity 8028K, committed 8064K, reserved 1048576K
Event: 2.640 GC heap after
Heap after GC invocations=9 (full 3):
 PSYoungGen      total 276992K, used 0K [0x0000000716f80000, 0x0000000729280000, 0x00000007c0000000)
  eden space 257024K, 0% used [0x0000000716f80000,0x0000000716f80000,0x0000000726a80000)
  from space 19968K, 0% used [0x0000000727e80000,0x0000000727e80000,0x0000000729200000)
  to   space 20480K, 0% used [0x0000000726a80000,0x0000000726a80000,0x0000000727e80000)
 ParOldGen       total 521728K, used 25592K [0x00000005c4e00000, 0x00000005e4b80000, 0x0000000716f80000)
  object space 521728K, 4% used [0x00000005c4e00000,0x00000005c66fe0a0,0x00000005e4b80000)
 Metaspace       used 56226K, capacity 58868K, committed 58968K, reserved 1099776K
  class space    used 7543K, capacity 8028K, committed 8064K, reserved 1048576K
}
Event: 34.530 GC heap before
{Heap before GC invocations=10 (full 3):
 PSYoungGen      total 276992K, used 256980K [0x0000000716f80000, 0x0000000729280000, 0x00000007c0000000)
  eden space 257024K, 99% used [0x0000000716f80000,0x0000000726a75098,0x0000000726a80000)
  from space 19968K, 0% used [0x0000000727e80000,0x0000000727e80000,0x0000000729200000)
  to   space 20480K, 0% used [0x0000000726a80000,0x0000000726a80000,0x0000000727e80000)
 ParOldGen       total 521728K, used 25592K [0x00000005c4e00000, 0x00000005e4b80000, 0x0000000716f80000)
  object space 521728K, 4% used [0x00000005c4e00000,0x00000005c66fe0a0,0x00000005e4b80000)
 Metaspace       used 78857K, capacity 83494K, committed 83672K, reserved 1122304K
  class space    used 10886K, capacity 11716K, committed 11776K, reserved 1048576K
Event: 34.539 GC heap after
Heap after GC invocations=10 (full 3):
 PSYoungGen      total 277504K, used 20458K [0x0000000716f80000, 0x000000072e500000, 0x00000007c0000000)
  eden space 257024K, 0% used [0x0000000716f80000,0x0000000716f80000,0x0000000726a80000)
  from space 20480K, 99% used [0x0000000726a80000,0x0000000727e7a9f0,0x0000000727e80000)
  to   space 28672K, 0% used [0x000000072c900000,0x000000072c900000,0x000000072e500000)
 ParOldGen       total 521728K, used 36108K [0x00000005c4e00000, 0x00000005e4b80000, 0x0000000716f80000)
  object space 521728K, 6% used [0x00000005c4e00000,0x00000005c7143390,0x00000005e4b80000)
 Metaspace       used 78857K, capacity 83494K, committed 83672K, reserved 1122304K
  class space    used 10886K, capacity 11716K, committed 11776K, reserved 1048576K
}

