# JRE version: Java(TM) SE Runtime Environment (8.0_161-b12) (build 1.8.0_161-b12)
# Java VM: Java HotSpot(TM) 64-Bit Server VM (25.161-b12 mixed mode windows-amd64 compressed oops)
Heap:
 PSYoungGen      total 236032K, used 222482K [0x0000000716f80000, 0x0000000729c80000, 0x00000007c0000000)
  eden space 204288K, 93% used [0x0000000716f80000,0x00000007229c9d60,0x0000000723700000)
  from space 31744K, 99% used [0x0000000727d80000,0x0000000729c7adb0,0x0000000729c80000)
  to   space 46080K, 0% used [0x0000000724280000,0x0000000724280000,0x0000000726f80000)
 ParOldGen       total 586752K, used 69204K [0x00000005c4e00000, 0x00000005e8b00000, 0x0000000716f80000)
  object space 586752K, 11% used [0x00000005c4e00000,0x00000005c91953b0,0x00000005e8b00000)
 Metaspace       used 87822K, capacity 93484K, committed 93784K, reserved 1130496K
  class space    used 11867K, capacity 12797K, committed 12888K, reserved 1048576K
GC Heap History (10 events):
Event: 2.815 GC heap before
{Heap before GC invocations=7 (full 2):
 PSYoungGen      total 174080K, used 173808K [0x0000000716f80000, 0x0000000723e00000, 0x00000007c0000000)
  eden space 164864K, 99% used [0x0000000716f80000,0x0000000721041310,0x0000000721080000)
  from space 9216K, 99% used [0x0000000723500000,0x0000000723dfafa8,0x0000000723e00000)
  to   space 21504K, 0% used [0x0000000721400000,0x0000000721400000,0x0000000722900000)
 ParOldGen       total 395776K, used 15416K [0x00000005c4e00000, 0x00000005dd080000, 0x0000000716f80000)
  object space 395776K, 3% used [0x00000005c4e00000,0x00000005c5d0e0e8,0x00000005dd080000)
 Metaspace       used 56271K, capacity 58900K, committed 58968K, reserved 1099776K
  class space    used 7526K, capacity 7996K, committed 8024K, reserved 1048576K
Event: 2.823 GC heap after
Heap after GC invocations=7 (full 2):
 PSYoungGen      total 189952K, used 21502K [0x0000000716f80000, 0x0000000726580000, 0x00000007c0000000)
  eden space 168448K, 0% used [0x0000000716f80000,0x0000000716f80000,0x0000000721400000)
  from space 21504K, 99% used [0x0000000721400000,0x00000007228ff890,0x0000000722900000)
  to   space 22016K, 0% used [0x0000000725000000,0x0000000725000000,0x0000000726580000)
 ParOldGen       total 395776K, used 17862K [0x00000005c4e00000, 0x00000005dd080000, 0x0000000716f80000)
  object space 395776K, 4% used [0x00000005c4e00000,0x00000005c5f718d8,0x00000005dd080000)
 Metaspace       used 56271K, capacity 58900K, committed 58968K, reserved 1099776K
  class space    used 7526K, capacity 7996K, committed 8024K, reserved 1048576K
}
Event: 2.823 GC heap before
{Heap before GC invocations=8 (full 3):
 PSYoungGen      total 189952K, used 21502K [0x0000000716f80000, 0x0000000726580000, 0x00000007c0000000)
  eden space 168448K, 0% used [0x0000000716f80000,0x0000000716f80000,0x0000000721400000)
  from space 21504K, 99% used [0x0000000721400000,0x00000007228ff890,0x0000000722900000)
  to   space 22016K, 0% used [0x0000000725000000,0x0000000725000000,0x0000000726580000)
 ParOldGen       total 395776K, used 17862K [0x00000005c4e00000, 0x00000005dd080000, 0x0000000716f80000)
  object space 395776K, 4% used [0x00000005c4e00000,0x00000005c5f718d8,0x00000005dd080000)
 Metaspace       used 56271K, capacity 58900K, committed 58968K, reserved 1099776K
  class space    used 7526K, capacity 7996K, committed 8024K, reserved 1048576K
Event: 2.893 GC heap after
Heap after GC invocations=8 (full 3):
 PSYoungGen      total 189952K, used 0K [0x0000000716f80000, 0x0000000726580000, 0x00000007c0000000)
  eden space 168448K, 0% used [0x0000000716f80000,0x0000000716f80000,0x0000000721400000)
  from space 21504K, 0% used [0x0000000721400000,0x0000000721400000,0x0000000722900000)
  to   space 22016K, 0% used [0x0000000725000000,0x0000000725000000,0x0000000726580000)
 ParOldGen       total 586752K, used 32370K [0x00000005c4e00000, 0x00000005e8b00000, 0x0000000716f80000)
  object space 586752K, 5% used [0x00000005c4e00000,0x00000005c6d9cbf8,0x00000005e8b00000)
 Metaspace       used 56271K, capacity 58900K, committed 58968K, reserved 1099776K
  class space    used 7526K, capacity 7996K, committed 8024K, reserved 1048576K
}
Event: 3.544 GC heap before
{Heap before GC invocations=9 (full 3):
 PSYoungGen      total 189952K, used 168448K [0x0000000716f80000, 0x0000000726580000, 0x00000007c0000000)
  eden space 168448K, 100% used [0x0000000716f80000,0x0000000721400000,0x0000000721400000)
  from space 21504K, 0% used [0x0000000721400000,0x0000000721400000,0x0000000722900000)
  to   space 22016K, 0% used [0x0000000725000000,0x0000000725000000,0x0000000726580000)
 ParOldGen       total 586752K, used 32370K [0x00000005c4e00000, 0x00000005e8b00000, 0x0000000716f80000)
  object space 586752K, 5% used [0x00000005c4e00000,0x00000005c6d9cbf8,0x00000005e8b00000)
 Metaspace       used 64114K, capacity 67570K, committed 67800K, reserved 1107968K
  class space    used 8535K, capacity 9107K, committed 9176K, reserved 1048576K
Event: 3.549 GC heap after
Heap after GC invocations=9 (full 3):
 PSYoungGen      total 225792K, used 10764K [0x0000000716f80000, 0x0000000726280000, 0x00000007c0000000)
  eden space 206848K, 0% used [0x0000000716f80000,0x0000000716f80000,0x0000000723980000)
  from space 18944K, 56% used [0x0000000725000000,0x0000000725a83360,0x0000000726280000)
  to   space 20992K, 0% used [0x0000000723980000,0x0000000723980000,0x0000000724e00000)
 ParOldGen       total 586752K, used 32378K [0x00000005c4e00000, 0x00000005e8b00000, 0x0000000716f80000)
  object space 586752K, 5% used [0x00000005c4e00000,0x00000005c6d9ebf8,0x00000005e8b00000)
 Metaspace       used 64114K, capacity 67570K, committed 67800K, reserved 1107968K
  class space    used 8535K, capacity 9107K, committed 9176K, reserved 1048576K
}
Event: 37.690 GC heap before
{Heap before GC invocations=10 (full 3):
 PSYoungGen      total 225792K, used 217612K [0x0000000716f80000, 0x0000000726280000, 0x00000007c0000000)
  eden space 206848K, 100% used [0x0000000716f80000,0x0000000723980000,0x0000000723980000)
  from space 18944K, 56% used [0x0000000725000000,0x0000000725a83360,0x0000000726280000)
  to   space 20992K, 0% used [0x0000000723980000,0x0000000723980000,0x0000000724e00000)
 ParOldGen       total 586752K, used 32378K [0x00000005c4e00000, 0x00000005e8b00000, 0x0000000716f80000)
  object space 586752K, 5% used [0x00000005c4e00000,0x00000005c6d9ebf8,0x00000005e8b00000)
 Metaspace       used 83948K, capacity 89128K, committed 89432K, reserved 1126400K
  class space    used 11397K, capacity 12265K, committed 12376K, reserved 1048576K
Event: 37.702 GC heap after
Heap after GC invocations=10 (full 3):
 PSYoungGen      total 227840K, used 20983K [0x0000000716f80000, 0x0000000729c80000, 0x00000007c0000000)
  eden space 206848K, 0% used [0x0000000716f80000,0x0000000716f80000,0x0000000723980000)
  from space 20992K, 99% used [0x0000000723980000,0x0000000724dfdda0,0x0000000724e00000)
  to   space 31744K, 0% used [0x0000000727d80000,0x0000000727d80000,0x0000000729c80000)
 ParOldGen       total 586752K, used 47761K [0x00000005c4e00000, 0x00000005e8b00000, 0x0000000716f80000)
  object space 586752K, 8% used [0x00000005c4e00000,0x00000005c7ca4678,0x00000005e8b00000)
 Metaspace       used 83948K, capacity 89128K, committed 89432K, reserved 1126400K
  class space    used 11397K, capacity 12265K, committed 12376K, reserved 1048576K
}
Event: 600.105 GC heap before
{Heap before GC invocations=11 (full 3):
 PSYoungGen      total 227840K, used 227831K [0x0000000716f80000, 0x0000000729c80000, 0x00000007c0000000)
  eden space 206848K, 100% used [0x0000000716f80000,0x0000000723980000,0x0000000723980000)
  from space 20992K, 99% used [0x0000000723980000,0x0000000724dfdda0,0x0000000724e00000)
  to   space 31744K, 0% used [0x0000000727d80000,0x0000000727d80000,0x0000000729c80000)
 ParOldGen       total 586752K, used 47761K [0x00000005c4e00000, 0x00000005e8b00000, 0x0000000716f80000)
  object space 586752K, 8% used [0x00000005c4e00000,0x00000005c7ca4678,0x00000005e8b00000)
 Metaspace       used 85859K, capacity 91198K, committed 91352K, reserved 1128448K
  class space    used 11590K, capacity 12502K, committed 12504K, reserved 1048576K
Event: 600.124 GC heap after
Heap after GC invocations=11 (full 3):
 PSYoungGen      total 236032K, used 31723K [0x0000000716f80000, 0x0000000729c80000, 0x00000007c0000000)
  eden space 204288K, 0% used [0x0000000716f80000,0x0000000716f80000,0x0000000723700000)
  from space 31744K, 99% used [0x0000000727d80000,0x0000000729c7adb0,0x0000000729c80000)
  to   space 46080K, 0% used [0x0000000724280000,0x0000000724280000,0x0000000726f80000)
 ParOldGen       total 586752K, used 69204K [0x00000005c4e00000, 0x00000005e8b00000, 0x0000000716f80000)
  object space 586752K, 11% used [0x00000005c4e00000,0x00000005c91953b0,0x00000005e8b00000)
 Metaspace       used 85859K, capacity 91198K, committed 91352K, reserved 1128448K
  class space    used 11590K, capacity 12502K, committed 12504K, reserved 1048576K
}

