# JRE version: Java(TM) SE Runtime Environment (8.0_161-b12) (build 1.8.0_161-b12)
# Java VM: Java HotSpot(TM) 64-Bit Server VM (25.161-b12 mixed mode windows-amd64 compressed oops)
Heap:
 PSYoungGen      total 369664K, used 341051K [0x0000000716f80000, 0x0000000733400000, 0x00000007c0000000)
  eden space 345600K, 98% used [0x0000000716f80000,0x000000072bc8eec8,0x000000072c100000)
  from space 24064K, 0% used [0x000000072c100000,0x000000072c100000,0x000000072d880000)
  to   space 58880K, 0% used [0x000000072fa80000,0x000000072fa80000,0x0000000733400000)
 ParOldGen       total 511488K, used 130680K [0x00000005c4e00000, 0x00000005e4180000, 0x0000000716f80000)
  object space 511488K, 25% used [0x00000005c4e00000,0x00000005ccd9e318,0x00000005e4180000)
 Metaspace       used 90062K, capacity 95856K, committed 96216K, reserved 1132544K
  class space    used 12002K, capacity 12943K, committed 13056K, reserved 1048576K
GC Heap History (10 events):
Event: 2009.131 GC heap before
{Heap before GC invocations=21 (full 6):
 PSYoungGen      total 382464K, used 165330K [0x0000000716f80000, 0x0000000734f00000, 0x00000007c0000000)
  eden space 352768K, 45% used [0x0000000716f80000,0x0000000720abcb40,0x000000072c800000)
  from space 29696K, 21% used [0x0000000733200000,0x0000000733837cf0,0x0000000734f00000)
  to   space 69120K, 0% used [0x000000072c800000,0x000000072c800000,0x0000000730b80000)
 ParOldGen       total 511488K, used 118726K [0x00000005c4e00000, 0x00000005e4180000, 0x0000000716f80000)
  object space 511488K, 23% used [0x00000005c4e00000,0x00000005cc1f19e0,0x00000005e4180000)
 Metaspace       used 89773K, capacity 95524K, committed 95704K, reserved 1132544K
  class space    used 11992K, capacity 12931K, committed 13056K, reserved 1048576K
Event: 2009.141 GC heap after
Heap after GC invocations=21 (full 6):
 PSYoungGen      total 381440K, used 28287K [0x0000000716f80000, 0x0000000734900000, 0x00000007c0000000)
  eden space 352768K, 0% used [0x0000000716f80000,0x0000000716f80000,0x000000072c800000)
  from space 28672K, 98% used [0x000000072c800000,0x000000072e39fc88,0x000000072e400000)
  to   space 66048K, 0% used [0x0000000730880000,0x0000000730880000,0x0000000734900000)
 ParOldGen       total 511488K, used 118734K [0x00000005c4e00000, 0x00000005e4180000, 0x0000000716f80000)
  object space 511488K, 23% used [0x00000005c4e00000,0x00000005cc1f39e0,0x00000005e4180000)
 Metaspace       used 89773K, capacity 95524K, committed 95704K, reserved 1132544K
  class space    used 11992K, capacity 12931K, committed 13056K, reserved 1048576K
}
Event: 2009.141 GC heap before
{Heap before GC invocations=22 (full 7):
 PSYoungGen      total 381440K, used 28287K [0x0000000716f80000, 0x0000000734900000, 0x00000007c0000000)
  eden space 352768K, 0% used [0x0000000716f80000,0x0000000716f80000,0x000000072c800000)
  from space 28672K, 98% used [0x000000072c800000,0x000000072e39fc88,0x000000072e400000)
  to   space 66048K, 0% used [0x0000000730880000,0x0000000730880000,0x0000000734900000)
 ParOldGen       total 511488K, used 118734K [0x00000005c4e00000, 0x00000005e4180000, 0x0000000716f80000)
  object space 511488K, 23% used [0x00000005c4e00000,0x00000005cc1f39e0,0x00000005e4180000)
 Metaspace       used 89773K, capacity 95524K, committed 95704K, reserved 1132544K
  class space    used 11992K, capacity 12931K, committed 13056K, reserved 1048576K
Event: 2009.488 GC heap after
Heap after GC invocations=22 (full 7):
 PSYoungGen      total 381440K, used 0K [0x0000000716f80000, 0x0000000734900000, 0x00000007c0000000)
  eden space 352768K, 0% used [0x0000000716f80000,0x0000000716f80000,0x000000072c800000)
  from space 28672K, 0% used [0x000000072c800000,0x000000072c800000,0x000000072e400000)
  to   space 66048K, 0% used [0x0000000730880000,0x0000000730880000,0x0000000734900000)
 ParOldGen       total 511488K, used 124793K [0x00000005c4e00000, 0x00000005e4180000, 0x0000000716f80000)
  object space 511488K, 24% used [0x00000005c4e00000,0x00000005cc7de798,0x00000005e4180000)
 Metaspace       used 89773K, capacity 95524K, committed 95704K, reserved 1132544K
  class space    used 11992K, capacity 12931K, committed 13056K, reserved 1048576K
}
Event: 2111.083 GC heap before
{Heap before GC invocations=23 (full 7):
 PSYoungGen      total 381440K, used 352768K [0x0000000716f80000, 0x0000000734900000, 0x00000007c0000000)
  eden space 352768K, 100% used [0x0000000716f80000,0x000000072c800000,0x000000072c800000)
  from space 28672K, 0% used [0x000000072c800000,0x000000072c800000,0x000000072e400000)
  to   space 66048K, 0% used [0x0000000730880000,0x0000000730880000,0x0000000734900000)
 ParOldGen       total 511488K, used 124793K [0x00000005c4e00000, 0x00000005e4180000, 0x0000000716f80000)
  object space 511488K, 24% used [0x00000005c4e00000,0x00000005cc7de798,0x00000005e4180000)
 Metaspace       used 89949K, capacity 95702K, committed 95960K, reserved 1132544K
  class space    used 11999K, capacity 12938K, committed 13056K, reserved 1048576K
Event: 2111.093 GC heap after
Heap after GC invocations=23 (full 7):
 PSYoungGen      total 397312K, used 20542K [0x0000000716f80000, 0x0000000733b00000, 0x00000007c0000000)
  eden space 345600K, 0% used [0x0000000716f80000,0x0000000716f80000,0x000000072c100000)
  from space 51712K, 39% used [0x0000000730880000,0x0000000731c8fb68,0x0000000733b00000)
  to   space 62464K, 0% used [0x000000072c100000,0x000000072c100000,0x000000072fe00000)
 ParOldGen       total 511488K, used 124801K [0x00000005c4e00000, 0x00000005e4180000, 0x0000000716f80000)
  object space 511488K, 24% used [0x00000005c4e00000,0x00000005cc7e0798,0x00000005e4180000)
 Metaspace       used 89949K, capacity 95702K, committed 95960K, reserved 1132544K
  class space    used 11999K, capacity 12938K, committed 13056K, reserved 1048576K
}
Event: 2119.156 GC heap before
{Heap before GC invocations=24 (full 7):
 PSYoungGen      total 397312K, used 66208K [0x0000000716f80000, 0x0000000733b00000, 0x00000007c0000000)
  eden space 345600K, 13% used [0x0000000716f80000,0x0000000719c185c0,0x000000072c100000)
  from space 51712K, 39% used [0x0000000730880000,0x0000000731c8fb68,0x0000000733b00000)
  to   space 62464K, 0% used [0x000000072c100000,0x000000072c100000,0x000000072fe00000)
 ParOldGen       total 511488K, used 124801K [0x00000005c4e00000, 0x00000005e4180000, 0x0000000716f80000)
  object space 511488K, 24% used [0x00000005c4e00000,0x00000005cc7e0798,0x00000005e4180000)
 Metaspace       used 89958K, capacity 95702K, committed 95960K, reserved 1132544K
  class space    used 11999K, capacity 12938K, committed 13056K, reserved 1048576K
Event: 2119.163 GC heap after
Heap after GC invocations=24 (full 7):
 PSYoungGen      total 369664K, used 23862K [0x0000000716f80000, 0x0000000733400000, 0x00000007c0000000)
  eden space 345600K, 0% used [0x0000000716f80000,0x0000000716f80000,0x000000072c100000)
  from space 24064K, 99% used [0x000000072c100000,0x000000072d84db78,0x000000072d880000)
  to   space 58880K, 0% used [0x000000072fa80000,0x000000072fa80000,0x0000000733400000)
 ParOldGen       total 511488K, used 124809K [0x00000005c4e00000, 0x00000005e4180000, 0x0000000716f80000)
  object space 511488K, 24% used [0x00000005c4e00000,0x00000005cc7e2798,0x00000005e4180000)
 Metaspace       used 89958K, capacity 95702K, committed 95960K, reserved 1132544K
  class space    used 11999K, capacity 12938K, committed 13056K, reserved 1048576K
}
Event: 2119.163 GC heap before
{Heap before GC invocations=25 (full 8):
 PSYoungGen      total 369664K, used 23862K [0x0000000716f80000, 0x0000000733400000, 0x00000007c0000000)
  eden space 345600K, 0% used [0x0000000716f80000,0x0000000716f80000,0x000000072c100000)
  from space 24064K, 99% used [0x000000072c100000,0x000000072d84db78,0x000000072d880000)
  to   space 58880K, 0% used [0x000000072fa80000,0x000000072fa80000,0x0000000733400000)
 ParOldGen       total 511488K, used 124809K [0x00000005c4e00000, 0x00000005e4180000, 0x0000000716f80000)
  object space 511488K, 24% used [0x00000005c4e00000,0x00000005cc7e2798,0x00000005e4180000)
 Metaspace       used 89958K, capacity 95702K, committed 95960K, reserved 1132544K
  class space    used 11999K, capacity 12938K, committed 13056K, reserved 1048576K
Event: 2119.376 GC heap after
Heap after GC invocations=25 (full 8):
 PSYoungGen      total 369664K, used 0K [0x0000000716f80000, 0x0000000733400000, 0x00000007c0000000)
  eden space 345600K, 0% used [0x0000000716f80000,0x0000000716f80000,0x000000072c100000)
  from space 24064K, 0% used [0x000000072c100000,0x000000072c100000,0x000000072d880000)
  to   space 58880K, 0% used [0x000000072fa80000,0x000000072fa80000,0x0000000733400000)
 ParOldGen       total 511488K, used 130680K [0x00000005c4e00000, 0x00000005e4180000, 0x0000000716f80000)
  object space 511488K, 25% used [0x00000005c4e00000,0x00000005ccd9e318,0x00000005e4180000)
 Metaspace       used 89958K, capacity 95702K, committed 95960K, reserved 1132544K
  class space    used 11999K, capacity 12938K, committed 13056K, reserved 1048576K
}

